06:44:10,486 INFO  [org.jboss.modules] (main) JBoss Modules version 1.1.3.GA
06:44:10,822 INFO  [org.jboss.msc] (main) JBoss MSC version 1.0.2.GA
06:44:11,110 INFO  [org.jboss.as] (MSC service thread 1-1) JBAS015899: JBoss AS 7.1.4.Final-SNAPSHOT "Arges" starting
06:44:12,658 INFO  [org.xnio] (MSC service thread 1-2) XNIO Version 3.0.7.GA
06:44:12,674 INFO  [org.xnio.nio] (MSC service thread 1-2) XNIO NIO Implementation Version 3.0.7.GA
06:44:12,706 INFO  [org.jboss.remoting] (MSC service thread 1-2) JBoss Remoting version 3.2.13.GA
06:44:12,835 INFO  [org.jboss.as.remoting] (MSC service thread 1-1) JBAS017100: Listening on 10.251.30.5:9999
06:44:17,571 INFO  [org.jboss.as.host.controller] (Controller Boot Thread) JBAS010922: Starting server tier1
06:44:17,841 INFO  [org.jboss.as.host.controller] (Controller Boot Thread) JBAS010922: Starting server tier2
06:44:17,873 INFO  [org.jboss.as] (Controller Boot Thread) JBAS015874: JBoss AS 7.1.4.Final-SNAPSHOT "Arges" (Host Controller) started in 8465ms - Started 11 of 11 services (0 services are passive or on-demand)
06:44:33,900 INFO  [org.jboss.as.domain.controller.mgmt] (proxy-threads - 1) JBAS010920: Server [Server:tier2] registered using connection [Channel ID 0b6c8c13 (inbound) of Remoting connection 56101751 to /10.251.30.5:36946]
06:44:34,396 INFO  [org.jboss.as.domain.controller.mgmt] (proxy-threads - 2) JBAS010920: Server [Server:tier1] registered using connection [Channel ID 03e3b5c9 (inbound) of Remoting connection 3b626c6d to /10.251.30.5:40488]
06:45:29,217 INFO  [org.jboss.as.host.controller] (proxy-threads - 1) JBAS010919: Registering server tier2
06:47:12,163 INFO  [org.jboss.as.host.controller] (proxy-threads - 3) JBAS010919: Registering server tier1
16:36:14,386 ERROR [org.jboss.remoting.remote.connection] (Remoting "unknown-host.unknown-domain:MANAGEMENT" read-1) JBREM000200: Remote connection failed: java.io.IOException: Connection reset by peer
16:36:24,196 ERROR [org.jboss.remoting.remote.connection] (Remoting "unknown-host.unknown-domain:MANAGEMENT" read-1) JBREM000200: Remote connection failed: java.io.IOException: Received an invalid message length of 1195725856
16:36:24,338 ERROR [org.jboss.remoting.remote.connection] (Remoting "unknown-host.unknown-domain:MANAGEMENT" read-1) JBREM000200: Remote connection failed: java.io.IOException: Received an invalid message length of 1195725919
16:36:24,422 ERROR [org.jboss.remoting.remote.connection] (Remoting "unknown-host.unknown-domain:MANAGEMENT" read-1) JBREM000200: Remote connection failed: java.io.IOException: Received an invalid message length of 1212501072
16:37:02,851 ERROR [org.jboss.remoting.remote.connection] (Remoting "unknown-host.unknown-domain:MANAGEMENT" read-1) JBREM000200: Remote connection failed: java.io.IOException: JBREM000201: Received invalid message on Remoting connection 3049366d to /10.251.19.241:57643
17:30:20,463 INFO  [org.jboss.as.controller] (MSC service thread 1-1) JBAS014774: Service status report
JBAS014775:    New missing/unsatisfied dependencies:
      service jboss.server.controller.management.security_realm.applicationrealm.properties_authentication (missing) dependents: [service jboss.server.controller.management.security_realm.applicationrealm] 

17:30:20,481 INFO  [org.jboss.as.host.controller] (Host Controller Service Threads - 1) JBAS010923: Stopping server tier1
17:30:20,490 INFO  [org.jboss.as.host.controller] (Host Controller Service Threads - 1) JBAS010923: Stopping server tier2
17:30:20,496 INFO  [org.jboss.as.host.controller] (Remoting "unknown-host.unknown-domain:MANAGEMENT" task-3) JBAS010928: Unregistered at domain controller
17:30:20,903 INFO  [org.jboss.as.host.controller] (Remoting "unknown-host.unknown-domain:MANAGEMENT" task-4) JBAS010926: Unregistering server tier1
17:30:21,002 INFO  [org.jboss.as.host.controller] (Remoting "unknown-host.unknown-domain:MANAGEMENT" task-1) JBAS010926: Unregistering server tier2
17:30:24,158 INFO  [org.jboss.as.controller] (MSC service thread 1-2) JBAS014774: Service status report
JBAS014776:    Newly corrected services:
      service jboss.server.controller.management.security_realm.applicationrealm.properties_authentication (new available)

17:30:24,162 INFO  [org.jboss.as] (MSC service thread 1-1) JBAS015950: JBoss AS 7.1.4.Final-SNAPSHOT "Arges" stopped in 3697ms
