16:51:24,260 TRACE [com.ibm.gs.houston.filters.BaseFilter] (MSC service thread 1-1:82) initializing filter...
16:51:24,261 TRACE [com.nicusa.az.dre.common.utils.PropertyManager] (MSC service thread 1-1:38) getting singelton instance of the CDI bean
16:51:24,261 TRACE [com.nicusa.az.dre.common.utils.PropertyManager] (MSC service thread 1-1:52) intializing property manager via CDI application scope
16:51:24,262 TRACE [com.nicusa.az.dre.common.producers.SystemAppProperty] (MSC service thread 1-1:37) property key:dreWebServiceEndPoint->http://test.azre.gov/portalservices/olrsservice.svc
16:51:24,262 TRACE [com.nicusa.az.dre.common.producers.SystemAppProperty] (MSC service thread 1-1:37) property key:dre_tpeUnableToCaptureError->We were unable to process payment at this time. Your credit card has not been charged. A Payment Request has been created so that you can conveniently try again later. Click the Home link and review the Alerts section for more information.
16:51:24,262 TRACE [com.nicusa.az.dre.common.producers.SystemAppProperty] (MSC service thread 1-1:37) property key:dre_tpeUnableToCaptureAndCallDreError->We were unable to process payment at this time. Your credit card has not been charged. The Department will to contact you with instructions on how to complete payment for your transaction.
16:51:24,262 TRACE [com.nicusa.az.dre.common.producers.SystemAppProperty] (MSC service thread 1-1:37) property key:tpeEjbUrl->ejb:tpe-ejb/tpe-ejb-ejb-1.0-SNAPSHOT/TpeEjb!com.nicusa.az.tpe.remote.TpeEjbRemote
16:51:24,262 TRACE [com.nicusa.az.dre.common.producers.SystemAppProperty] (MSC service thread 1-1:37) property key:ctsEjbUrl->ejb:ejbs/ejbs-ejb-1.0-SNAPSHOT/CtsEjb!com.nicusa.az.ejbs.cts.remote.CtsEjbRemote
16:51:24,263 TRACE [com.nicusa.az.dre.common.producers.SystemAppProperty] (MSC service thread 1-1:37) property key:emailEjbUrl->ejb:ejbs/ejbs-ejb-1.0-SNAPSHOT/EmailEjb!com.nicusa.az.ejbs.email.remote.EmailEjbRemote
16:51:24,263 TRACE [com.nicusa.az.dre.common.producers.SystemAppProperty] (MSC service thread 1-1:37) property key:dre_tpeMerchantId->REA_TEST
16:51:24,263 TRACE [com.nicusa.az.dre.common.producers.SystemAppProperty] (MSC service thread 1-1:37) property key:dre_tpeMerchantKey->REA_TEST_KEY
16:51:24,263 TRACE [com.nicusa.az.dre.common.producers.SystemAppProperty] (MSC service thread 1-1:37) property key:dre_tpeServiceCode->REA_TEST_LICENSING
16:51:24,263 TRACE [com.nicusa.az.dre.common.producers.SystemAppProperty] (MSC service thread 1-1:37) property key:dre_allowPaymentCall->true
16:51:24,263 TRACE [com.nicusa.az.dre.common.producers.SystemAppProperty] (MSC service thread 1-1:37) property key:dre_communicationFailureEmail->capture.failure@azre.gov
16:51:24,263 TRACE [com.nicusa.az.dre.common.producers.SystemAppProperty] (MSC service thread 1-1:37) property key:dre_staticPath->http://az.devaz.gov/app/dre/
16:51:24,264 TRACE [com.nicusa.az.dre.common.producers.SystemAppProperty] (MSC service thread 1-1:37) property key:dre_portalHome->http://az.devaz.gov
16:51:24,264 TRACE [com.nicusa.az.dre.common.producers.SystemAppProperty] (MSC service thread 1-1:37) property key:dre_dreHome->http://www.re.state.az.us/
16:51:24,264 TRACE [com.nicusa.az.dre.common.producers.SystemAppProperty] (MSC service thread 1-1:37) property key:dre_SurveyReportsAction->https://secure.az.gov/az/portal/reports/webapp/login.do
16:51:24,264 TRACE [com.nicusa.az.dre.common.producers.SystemAppProperty] (MSC service thread 1-1:37) property key:dre_surveyReportsURL->https://test.secure.az.gov/az/portal/reports/
16:51:24,264 TRACE [com.nicusa.az.dre.common.producers.SystemAppProperty] (MSC service thread 1-1:37) property key:dre_Usability.URL->http://www.az.gov/polices_acceptable.html
16:51:24,264 TRACE [com.nicusa.az.dre.common.producers.SystemAppProperty] (MSC service thread 1-1:37) property key:dre_ContactUs.URL->http://www.azre.gov/Contacts/Contacts.aspx
16:51:24,264 TRACE [com.nicusa.az.dre.common.producers.SystemAppProperty] (MSC service thread 1-1:37) property key:dre_AcceptableUse.URL->http://www.az.gov/polices_accessibility.html
16:51:24,265 TRACE [com.nicusa.az.dre.common.producers.SystemAppProperty] (MSC service thread 1-1:37) property key:dre_brokerAuditCapture.headerFile->BADHeader.html
16:51:24,265 TRACE [com.nicusa.az.dre.common.producers.SystemAppProperty] (MSC service thread 1-1:37) property key:dre_brokerAuditCapture.footerFile->BADFooter.html
16:51:24,265 TRACE [com.nicusa.az.dre.common.producers.SystemAppProperty] (MSC service thread 1-1:37) property key:dre_brokerAudit.capture.html.dir->/nfs/ftp/dre/
16:51:24,265 TRACE [com.nicusa.az.dre.common.producers.SystemAppProperty] (MSC service thread 1-1:37) property key:dre_pdf.outputDir->/nfs/aztmp/azportal/dre/pdf/
16:51:24,265 TRACE [com.nicusa.az.dre.common.producers.SystemAppProperty] (MSC service thread 1-1:37) property key:dre_template->/pdf/IndividualLicense.pdf
16:51:24,265 TRACE [com.nicusa.az.dre.common.producers.SystemAppProperty] (MSC service thread 1-1:37) property key:dre_bfoLicenseKey->H1C62F47GB2H6G3
16:51:24,274 TRACE [com.nicusa.az.dre.common.producers.SystemAppProperty] (MSC service thread 1-1:37) property key:dre_appPaymentId->700
16:51:24,274 TRACE [com.nicusa.az.dre.common.producers.SystemAppProperty] (MSC service thread 1-1:37) property key:dynamic.filePath->/nfs/aztmp/azportal/dre/dynamicContent/
16:51:24,274 TRACE [com.nicusa.az.dre.common.producers.SystemAppProperty] (MSC service thread 1-1:37) property key:dre_brokerRevisionDate->09/28/2007 07:18:10
16:51:24,275 TRACE [com.nicusa.az.dre.common.utils.PropertyManager] (MSC service thread 1-1:66) app property key:tpeEjbUrl, value:ejb:tpe-ejb/tpe-ejb-ejb-1.0-SNAPSHOT/TpeEjb!com.nicusa.az.tpe.remote.TpeEjbRemote
16:51:24,275 TRACE [com.nicusa.az.dre.common.utils.PropertyManager] (MSC service thread 1-1:66) app property key:dre_communicationFailureEmail, value:capture.failure@azre.gov
16:51:24,275 TRACE [com.nicusa.az.dre.common.utils.PropertyManager] (MSC service thread 1-1:66) app property key:dreWebServiceEndPoint, value:http://test.azre.gov/portalservices/olrsservice.svc
16:51:24,275 TRACE [com.nicusa.az.dre.common.utils.PropertyManager] (MSC service thread 1-1:66) app property key:dre_tpeServiceCode, value:REA_TEST_LICENSING
16:51:24,275 TRACE [com.nicusa.az.dre.common.utils.PropertyManager] (MSC service thread 1-1:66) app property key:DREHome, value:http://www.re.state.az.us/
16:51:24,275 TRACE [com.nicusa.az.dre.common.utils.PropertyManager] (MSC service thread 1-1:66) app property key:SurveyReports, value:https://secure.az.gov/az/portal/reports/webapp/login.do
16:51:24,275 TRACE [com.nicusa.az.dre.common.utils.PropertyManager] (MSC service thread 1-1:66) app property key:dre_tpeUnableToCaptureError, value:We were unable to process payment at this time. Your credit card has not been charged. A Payment Request has been created so that you can conveniently try again later. Click the Home link and review the Alerts section for more information.
16:51:24,276 TRACE [com.nicusa.az.dre.common.utils.PropertyManager] (MSC service thread 1-1:66) app property key:dre_tpeUnableToCaptureAndCallDreError, value:We were unable to process payment at this time. Your credit card has not been charged. The Department will to contact you with instructions on how to complete payment for your transaction.
16:51:24,276 TRACE [com.nicusa.az.dre.common.utils.PropertyManager] (MSC service thread 1-1:66) app property key:dre_tpeMerchantKey, value:REA_TEST_KEY
16:51:24,276 TRACE [com.nicusa.az.dre.common.utils.PropertyManager] (MSC service thread 1-1:66) app property key:dre_allowPaymentCall, value:true
16:51:24,276 TRACE [com.nicusa.az.dre.common.utils.PropertyManager] (MSC service thread 1-1:66) app property key:pdf.template, value:/pdf/IndividualLicense.pdf
16:51:24,276 TRACE [com.nicusa.az.dre.common.utils.PropertyManager] (MSC service thread 1-1:66) app property key:dre_tpeMerchantId, value:REA_TEST
16:51:24,276 TRACE [com.nicusa.az.dre.common.utils.PropertyManager] (MSC service thread 1-1:66) app property key:brokerAudit.capture.html.dir, value:/nfs/ftp/dre/
16:51:24,276 TRACE [com.nicusa.az.dre.common.utils.PropertyManager] (MSC service thread 1-1:66) app property key:brokerAuditCapture.headerFile, value:BADHeader.html
16:51:24,277 TRACE [com.nicusa.az.dre.common.utils.PropertyManager] (MSC service thread 1-1:66) app property key:ctsEjbUrl, value:ejb:ejbs/ejbs-ejb-1.0-SNAPSHOT/CtsEjb!com.nicusa.az.ejbs.cts.remote.CtsEjbRemote
16:51:24,277 TRACE [com.nicusa.az.dre.common.utils.PropertyManager] (MSC service thread 1-1:66) app property key:AcceptableUse.URL, value:http://www.az.gov/polices_accessibility.html
16:51:24,277 TRACE [com.nicusa.az.dre.common.utils.PropertyManager] (MSC service thread 1-1:66) app property key:StaticPath, value:http://az.devaz.gov/app/dre/
16:51:24,277 TRACE [com.nicusa.az.dre.common.utils.PropertyManager] (MSC service thread 1-1:66) app property key:ContactUs.URL, value:http://www.azre.gov/Contacts/Contacts.aspx
16:51:24,277 TRACE [com.nicusa.az.dre.common.utils.PropertyManager] (MSC service thread 1-1:66) app property key:PortalHome, value:http://az.devaz.gov
16:51:24,277 TRACE [com.nicusa.az.dre.common.utils.PropertyManager] (MSC service thread 1-1:66) app property key:dynamic.filePath, value:/nfs/aztmp/azportal/dre/dynamicContent/
16:51:24,278 TRACE [com.nicusa.az.dre.common.utils.PropertyManager] (MSC service thread 1-1:66) app property key:SurveyReportsURL, value:https://test.secure.az.gov/az/portal/reports/
16:51:24,278 TRACE [com.nicusa.az.dre.common.utils.PropertyManager] (MSC service thread 1-1:66) app property key:Usability.URL, value:http://www.az.gov/polices_acceptable.html
16:51:24,278 TRACE [com.nicusa.az.dre.common.utils.PropertyManager] (MSC service thread 1-1:66) app property key:payment.appId, value:700
16:51:24,278 TRACE [com.nicusa.az.dre.common.utils.PropertyManager] (MSC service thread 1-1:66) app property key:brokerAuditCapture.footerFile, value:BADFooter.html
16:51:24,278 TRACE [com.nicusa.az.dre.common.utils.PropertyManager] (MSC service thread 1-1:66) app property key:dre_brokerRevisionDate, value:09/28/2007 07:18:10
16:51:24,278 TRACE [com.nicusa.az.dre.common.utils.PropertyManager] (MSC service thread 1-1:66) app property key:bfoLicenseKey, value:H1C62F47GB2H6G3
16:51:24,278 TRACE [com.nicusa.az.dre.common.utils.PropertyManager] (MSC service thread 1-1:66) app property key:pdf.outputDir, value:/nfs/aztmp/azportal/dre/pdf/
16:51:24,279 TRACE [com.nicusa.az.dre.common.utils.PropertyManager] (MSC service thread 1-1:66) app property key:emailEjbUrl, value:ejb:ejbs/ejbs-ejb-1.0-SNAPSHOT/EmailEjb!com.nicusa.az.ejbs.email.remote.EmailEjbRemote
16:51:24,279 TRACE [com.nicusa.az.dre.common.utils.PropertyManager] (MSC service thread 1-1:68) total:28 properties loaded
16:51:24,279 DEBUG [com.nicusa.az.dre.common.utils.PropertyManager] (MSC service thread 1-1:80) successfully loaded properties from file:workflow.properties
16:51:24,290 DEBUG [com.nicusa.az.dre.common.utils.PropertyManager] (MSC service thread 1-1:80) successfully loaded properties from file:pageDefinitions.properties
16:51:24,291 WARN  [com.nicusa.az.dre.common.utils.PropertyManager] (MSC service thread 1-1:82) was not able to find resource by filename:realAdminResources.properties
16:51:24,291 TRACE [com.ibm.gs.houston.filters.BaseFilter] (MSC service thread 1-1:87) loading filter property values ...
16:51:24,291 TRACE [com.nicusa.az.dre.common.utils.PropertyManager] (MSC service thread 1-1:224) requested property:brokerAuditCapture.footerFile, response value:BADFooter.html
16:51:24,291 TRACE [com.nicusa.az.dre.common.utils.PropertyManager] (MSC service thread 1-1:224) requested property:brokerAuditCapture.headerFile, response value:BADHeader.html
16:51:24,291 TRACE [com.nicusa.az.dre.common.utils.PropertyManager] (MSC service thread 1-1:224) requested property:brokerAudit.capture.html.dir, response value:/nfs/ftp/dre/
16:51:24,291 TRACE [com.ibm.gs.houston.filters.BaseFilter] (MSC service thread 1-1:152) reading file as a string for the path:BADHeader.html
16:51:24,292 TRACE [com.ibm.gs.houston.filters.BaseFilter] (MSC service thread 1-1:152) reading file as a string for the path:BADFooter.html
16:51:24,437 TRACE [com.nicusa.az.dre.common.utils.PropertyManager] (MSC service thread 1-1:38) getting singelton instance of the CDI bean
16:51:24,469 TRACE [com.ibm.azportal.dre.domain.logic.DREFacadeImpl] (MSC service thread 1-1:80) DREFaced object instantiating ...
16:51:24,488 WARN  [com.ibm.azportal.gao.catalog.dao.GaoDataCachedImpl] (MSC service thread 1-1:90) CDI injection didn't work for the bean, manually instantiating properties
16:51:24,497 TRACE [com.nicusa.az.dre.common.producers.SystemAppProperty] (MSC service thread 1-1:37) property key:dre_appPaymentId->700
16:51:24,497 TRACE [com.ibm.azportal.gao.catalog.dao.GaoDataCachedImpl] (MSC service thread 1-1:95) payment application id was set to:700
16:51:24,497 INFO  [com.ibm.azportal.gao.catalog.dao.GaoDataCachedImpl] (MSC service thread 1-1:99) Retrieving all Products for Application ID: 700
16:51:55,497 TRACE [com.nicusa.az.dre.common.utils.PropertyManager] (MSC service thread 1-1:38) getting singelton instance of the CDI bean
16:51:55,497 TRACE [com.nicusa.az.dre.common.utils.PropertyManager] (MSC service thread 1-1:224) requested property:dynamic.filePath, response value:/nfs/aztmp/azportal/dre/dynamicContent/
17:05:09,632 TRACE [com.ibm.gs.houston.filters.BaseFilter] (MSC service thread 1-1:82) initializing filter...
17:05:09,633 TRACE [com.nicusa.az.dre.common.utils.PropertyManager] (MSC service thread 1-1:38) getting singelton instance of the CDI bean
17:05:09,633 TRACE [com.nicusa.az.dre.common.utils.PropertyManager] (MSC service thread 1-1:52) intializing property manager via CDI application scope
17:05:09,634 TRACE [com.nicusa.az.dre.common.producers.SystemAppProperty] (MSC service thread 1-1:37) property key:dreWebServiceEndPoint->http://test.azre.gov/portalservices/olrsservice.svc
17:05:09,634 TRACE [com.nicusa.az.dre.common.producers.SystemAppProperty] (MSC service thread 1-1:37) property key:dre_tpeUnableToCaptureError->We were unable to process payment at this time. Your credit card has not been charged. A Payment Request has been created so that you can conveniently try again later. Click the Home link and review the Alerts section for more information.
17:05:09,634 TRACE [com.nicusa.az.dre.common.producers.SystemAppProperty] (MSC service thread 1-1:37) property key:dre_tpeUnableToCaptureAndCallDreError->We were unable to process payment at this time. Your credit card has not been charged. The Department will to contact you with instructions on how to complete payment for your transaction.
17:05:09,634 TRACE [com.nicusa.az.dre.common.producers.SystemAppProperty] (MSC service thread 1-1:37) property key:tpeEjbUrl->ejb:tpe-ejb/tpe-ejb-ejb-1.0-SNAPSHOT/TpeEjb!com.nicusa.az.tpe.remote.TpeEjbRemote
17:05:09,634 TRACE [com.nicusa.az.dre.common.producers.SystemAppProperty] (MSC service thread 1-1:37) property key:ctsEjbUrl->ejb:ejbs/ejbs-ejb-1.0-SNAPSHOT/CtsEjb!com.nicusa.az.ejbs.cts.remote.CtsEjbRemote
17:05:09,634 TRACE [com.nicusa.az.dre.common.producers.SystemAppProperty] (MSC service thread 1-1:37) property key:emailEjbUrl->ejb:ejbs/ejbs-ejb-1.0-SNAPSHOT/EmailEjb!com.nicusa.az.ejbs.email.remote.EmailEjbRemote
17:05:09,635 TRACE [com.nicusa.az.dre.common.producers.SystemAppProperty] (MSC service thread 1-1:37) property key:dre_tpeMerchantId->REA_TEST
17:05:09,635 TRACE [com.nicusa.az.dre.common.producers.SystemAppProperty] (MSC service thread 1-1:37) property key:dre_tpeMerchantKey->REA_TEST_KEY
17:05:09,635 TRACE [com.nicusa.az.dre.common.producers.SystemAppProperty] (MSC service thread 1-1:37) property key:dre_tpeServiceCode->REA_TEST_LICENSING
17:05:09,635 TRACE [com.nicusa.az.dre.common.producers.SystemAppProperty] (MSC service thread 1-1:37) property key:dre_allowPaymentCall->true
17:05:09,635 TRACE [com.nicusa.az.dre.common.producers.SystemAppProperty] (MSC service thread 1-1:37) property key:dre_communicationFailureEmail->capture.failure@azre.gov
17:05:09,635 TRACE [com.nicusa.az.dre.common.producers.SystemAppProperty] (MSC service thread 1-1:37) property key:dre_staticPath->https://az.devaz.gov/app/dre/
17:05:09,635 TRACE [com.nicusa.az.dre.common.producers.SystemAppProperty] (MSC service thread 1-1:37) property key:dre_portalHome->https://az.devaz.gov
17:05:09,636 TRACE [com.nicusa.az.dre.common.producers.SystemAppProperty] (MSC service thread 1-1:37) property key:dre_dreHome->http://www.re.state.az.us/
17:05:09,636 TRACE [com.nicusa.az.dre.common.producers.SystemAppProperty] (MSC service thread 1-1:37) property key:dre_SurveyReportsAction->https://secure.az.gov/az/portal/reports/webapp/login.do
17:05:09,636 TRACE [com.nicusa.az.dre.common.producers.SystemAppProperty] (MSC service thread 1-1:37) property key:dre_surveyReportsURL->https://test.secure.az.gov/az/portal/reports/
17:05:09,636 TRACE [com.nicusa.az.dre.common.producers.SystemAppProperty] (MSC service thread 1-1:37) property key:dre_Usability.URL->http://www.az.gov/polices_acceptable.html
17:05:09,636 TRACE [com.nicusa.az.dre.common.producers.SystemAppProperty] (MSC service thread 1-1:37) property key:dre_ContactUs.URL->http://www.azre.gov/Contacts/Contacts.aspx
17:05:09,636 TRACE [com.nicusa.az.dre.common.producers.SystemAppProperty] (MSC service thread 1-1:37) property key:dre_AcceptableUse.URL->http://www.az.gov/polices_accessibility.html
17:05:09,637 TRACE [com.nicusa.az.dre.common.producers.SystemAppProperty] (MSC service thread 1-1:37) property key:dre_brokerAuditCapture.headerFile->BADHeader.html
17:05:09,637 TRACE [com.nicusa.az.dre.common.producers.SystemAppProperty] (MSC service thread 1-1:37) property key:dre_brokerAuditCapture.footerFile->BADFooter.html
17:05:09,637 TRACE [com.nicusa.az.dre.common.producers.SystemAppProperty] (MSC service thread 1-1:37) property key:dre_brokerAudit.capture.html.dir->/nfs/ftp/dre/
17:05:09,637 TRACE [com.nicusa.az.dre.common.producers.SystemAppProperty] (MSC service thread 1-1:37) property key:dre_pdf.outputDir->/nfs/aztmp/azportal/dre/pdf/
17:05:09,637 TRACE [com.nicusa.az.dre.common.producers.SystemAppProperty] (MSC service thread 1-1:37) property key:dre_template->/pdf/IndividualLicense.pdf
17:05:09,637 TRACE [com.nicusa.az.dre.common.producers.SystemAppProperty] (MSC service thread 1-1:37) property key:dre_bfoLicenseKey->H1C62F47GB2H6G3
17:05:09,638 TRACE [com.nicusa.az.dre.common.producers.SystemAppProperty] (MSC service thread 1-1:37) property key:dre_appPaymentId->700
17:05:09,638 TRACE [com.nicusa.az.dre.common.producers.SystemAppProperty] (MSC service thread 1-1:37) property key:dynamic.filePath->/nfs/aztmp/azportal/dre/dynamicContent/
17:05:09,638 TRACE [com.nicusa.az.dre.common.producers.SystemAppProperty] (MSC service thread 1-1:37) property key:dre_brokerRevisionDate->09/28/2007 07:18:10
17:05:09,638 TRACE [com.nicusa.az.dre.common.utils.PropertyManager] (MSC service thread 1-1:66) app property key:tpeEjbUrl, value:ejb:tpe-ejb/tpe-ejb-ejb-1.0-SNAPSHOT/TpeEjb!com.nicusa.az.tpe.remote.TpeEjbRemote
17:05:09,662 TRACE [com.nicusa.az.dre.common.utils.PropertyManager] (MSC service thread 1-1:66) app property key:dre_communicationFailureEmail, value:capture.failure@azre.gov
17:05:09,663 TRACE [com.nicusa.az.dre.common.utils.PropertyManager] (MSC service thread 1-1:66) app property key:dreWebServiceEndPoint, value:http://test.azre.gov/portalservices/olrsservice.svc
17:05:09,663 TRACE [com.nicusa.az.dre.common.utils.PropertyManager] (MSC service thread 1-1:66) app property key:dre_tpeServiceCode, value:REA_TEST_LICENSING
17:05:09,663 TRACE [com.nicusa.az.dre.common.utils.PropertyManager] (MSC service thread 1-1:66) app property key:DREHome, value:http://www.re.state.az.us/
17:05:09,663 TRACE [com.nicusa.az.dre.common.utils.PropertyManager] (MSC service thread 1-1:66) app property key:SurveyReports, value:https://secure.az.gov/az/portal/reports/webapp/login.do
17:05:09,663 TRACE [com.nicusa.az.dre.common.utils.PropertyManager] (MSC service thread 1-1:66) app property key:dre_tpeUnableToCaptureError, value:We were unable to process payment at this time. Your credit card has not been charged. A Payment Request has been created so that you can conveniently try again later. Click the Home link and review the Alerts section for more information.
17:05:09,663 TRACE [com.nicusa.az.dre.common.utils.PropertyManager] (MSC service thread 1-1:66) app property key:dre_tpeUnableToCaptureAndCallDreError, value:We were unable to process payment at this time. Your credit card has not been charged. The Department will to contact you with instructions on how to complete payment for your transaction.
17:05:09,664 TRACE [com.nicusa.az.dre.common.utils.PropertyManager] (MSC service thread 1-1:66) app property key:dre_tpeMerchantKey, value:REA_TEST_KEY
17:05:09,664 TRACE [com.nicusa.az.dre.common.utils.PropertyManager] (MSC service thread 1-1:66) app property key:dre_allowPaymentCall, value:true
17:05:09,664 TRACE [com.nicusa.az.dre.common.utils.PropertyManager] (MSC service thread 1-1:66) app property key:pdf.template, value:/pdf/IndividualLicense.pdf
17:05:09,664 TRACE [com.nicusa.az.dre.common.utils.PropertyManager] (MSC service thread 1-1:66) app property key:dre_tpeMerchantId, value:REA_TEST
17:05:09,664 TRACE [com.nicusa.az.dre.common.utils.PropertyManager] (MSC service thread 1-1:66) app property key:brokerAudit.capture.html.dir, value:/nfs/ftp/dre/
17:05:09,664 TRACE [com.nicusa.az.dre.common.utils.PropertyManager] (MSC service thread 1-1:66) app property key:brokerAuditCapture.headerFile, value:BADHeader.html
17:05:09,664 TRACE [com.nicusa.az.dre.common.utils.PropertyManager] (MSC service thread 1-1:66) app property key:ctsEjbUrl, value:ejb:ejbs/ejbs-ejb-1.0-SNAPSHOT/CtsEjb!com.nicusa.az.ejbs.cts.remote.CtsEjbRemote
17:05:09,664 TRACE [com.nicusa.az.dre.common.utils.PropertyManager] (MSC service thread 1-1:66) app property key:AcceptableUse.URL, value:http://www.az.gov/polices_accessibility.html
17:05:09,665 TRACE [com.nicusa.az.dre.common.utils.PropertyManager] (MSC service thread 1-1:66) app property key:StaticPath, value:https://az.devaz.gov/app/dre/
17:05:09,665 TRACE [com.nicusa.az.dre.common.utils.PropertyManager] (MSC service thread 1-1:66) app property key:ContactUs.URL, value:http://www.azre.gov/Contacts/Contacts.aspx
17:05:09,665 TRACE [com.nicusa.az.dre.common.utils.PropertyManager] (MSC service thread 1-1:66) app property key:PortalHome, value:https://az.devaz.gov
17:05:09,665 TRACE [com.nicusa.az.dre.common.utils.PropertyManager] (MSC service thread 1-1:66) app property key:dynamic.filePath, value:/nfs/aztmp/azportal/dre/dynamicContent/
17:05:09,665 TRACE [com.nicusa.az.dre.common.utils.PropertyManager] (MSC service thread 1-1:66) app property key:SurveyReportsURL, value:https://test.secure.az.gov/az/portal/reports/
17:05:09,665 TRACE [com.nicusa.az.dre.common.utils.PropertyManager] (MSC service thread 1-1:66) app property key:Usability.URL, value:http://www.az.gov/polices_acceptable.html
17:05:09,665 TRACE [com.nicusa.az.dre.common.utils.PropertyManager] (MSC service thread 1-1:66) app property key:payment.appId, value:700
17:05:09,666 TRACE [com.nicusa.az.dre.common.utils.PropertyManager] (MSC service thread 1-1:66) app property key:brokerAuditCapture.footerFile, value:BADFooter.html
17:05:09,666 TRACE [com.nicusa.az.dre.common.utils.PropertyManager] (MSC service thread 1-1:66) app property key:dre_brokerRevisionDate, value:09/28/2007 07:18:10
17:05:09,666 TRACE [com.nicusa.az.dre.common.utils.PropertyManager] (MSC service thread 1-1:66) app property key:bfoLicenseKey, value:H1C62F47GB2H6G3
17:05:09,666 TRACE [com.nicusa.az.dre.common.utils.PropertyManager] (MSC service thread 1-1:66) app property key:pdf.outputDir, value:/nfs/aztmp/azportal/dre/pdf/
17:05:09,666 TRACE [com.nicusa.az.dre.common.utils.PropertyManager] (MSC service thread 1-1:66) app property key:emailEjbUrl, value:ejb:ejbs/ejbs-ejb-1.0-SNAPSHOT/EmailEjb!com.nicusa.az.ejbs.email.remote.EmailEjbRemote
17:05:09,666 TRACE [com.nicusa.az.dre.common.utils.PropertyManager] (MSC service thread 1-1:68) total:28 properties loaded
17:05:09,675 DEBUG [com.nicusa.az.dre.common.utils.PropertyManager] (MSC service thread 1-1:80) successfully loaded properties from file:workflow.properties
17:05:09,676 DEBUG [com.nicusa.az.dre.common.utils.PropertyManager] (MSC service thread 1-1:80) successfully loaded properties from file:pageDefinitions.properties
17:05:09,676 WARN  [com.nicusa.az.dre.common.utils.PropertyManager] (MSC service thread 1-1:82) was not able to find resource by filename:realAdminResources.properties
17:05:09,676 TRACE [com.ibm.gs.houston.filters.BaseFilter] (MSC service thread 1-1:87) loading filter property values ...
17:05:09,676 TRACE [com.nicusa.az.dre.common.utils.PropertyManager] (MSC service thread 1-1:224) requested property:brokerAuditCapture.footerFile, response value:BADFooter.html
17:05:09,677 TRACE [com.nicusa.az.dre.common.utils.PropertyManager] (MSC service thread 1-1:224) requested property:brokerAuditCapture.headerFile, response value:BADHeader.html
17:05:09,677 TRACE [com.nicusa.az.dre.common.utils.PropertyManager] (MSC service thread 1-1:224) requested property:brokerAudit.capture.html.dir, response value:/nfs/ftp/dre/
17:05:09,677 TRACE [com.ibm.gs.houston.filters.BaseFilter] (MSC service thread 1-1:152) reading file as a string for the path:BADHeader.html
17:05:09,677 TRACE [com.ibm.gs.houston.filters.BaseFilter] (MSC service thread 1-1:152) reading file as a string for the path:BADFooter.html
17:05:09,823 TRACE [com.nicusa.az.dre.common.utils.PropertyManager] (MSC service thread 1-1:38) getting singelton instance of the CDI bean
17:05:09,859 TRACE [com.ibm.azportal.dre.domain.logic.DREFacadeImpl] (MSC service thread 1-1:80) DREFaced object instantiating ...
17:05:09,886 WARN  [com.ibm.azportal.gao.catalog.dao.GaoDataCachedImpl] (MSC service thread 1-1:90) CDI injection didn't work for the bean, manually instantiating properties
17:05:09,886 TRACE [com.nicusa.az.dre.common.producers.SystemAppProperty] (MSC service thread 1-1:37) property key:dre_appPaymentId->700
17:05:09,886 TRACE [com.ibm.azportal.gao.catalog.dao.GaoDataCachedImpl] (MSC service thread 1-1:95) payment application id was set to:700
17:05:09,886 INFO  [com.ibm.azportal.gao.catalog.dao.GaoDataCachedImpl] (MSC service thread 1-1:99) Retrieving all Products for Application ID: 700
17:05:40,289 TRACE [com.nicusa.az.dre.common.utils.PropertyManager] (MSC service thread 1-1:38) getting singelton instance of the CDI bean
17:05:40,289 TRACE [com.nicusa.az.dre.common.utils.PropertyManager] (MSC service thread 1-1:224) requested property:dynamic.filePath, response value:/nfs/aztmp/azportal/dre/dynamicContent/
